Start testing: May 20 20:24 CST
----------------------------------------------------------
1/1 Testing: UnitTests
1/1 Test: UnitTests
Command: "/home/sergio/PrubaCPP/build/runUnitTests"
Directory: /home/sergio/PrubaCPP/build
"UnitTests" start time: May 20 20:24 CST
Output:
----------------------------------------------------------
Running main() from /home/sergio/PrubaCPP/ext/googletest/googletest/src/gtest_main.cc
[==========] Running 1 test from 1 test suite.
[----------] Global test environment set-up.
[----------] 1 test from Resta
[ RUN      ] Resta.PruebaRes
[       OK ] Resta.PruebaRes (0 ms)
[----------] 1 test from Resta (0 ms total)

[----------] Global test environment tear-down
[==========] 1 test from 1 test suite ran. (2 ms total)
[  PASSED  ] 1 test.
<end of output>
Test time =   0.01 sec
----------------------------------------------------------
Test Passed.
"UnitTests" end time: May 20 20:24 CST
"UnitTests" time elapsed: 00:00:00
----------------------------------------------------------

End testing: May 20 20:24 CST
